[DEBUG]2024-04-08 20:21:58,004: <re.Match object; span=(1088, 1802), match='typedef enum {\n    ES_NO_EVENT, ES_ERROR, /* use>
[DEBUG]2024-04-08 20:21:58,006: ['ES_NO_EVENT', 'ES_ERROR', 'ES_INIT', 'ES_ENTRY', 'ES_EXIT', 'ES_KEYINPUT', 'ES_LISTEVENTS', 'ES_TIMEOUT', 'ES_TIMERACTIVE', 'ES_TIMERSTOPPED', 'LIGHT', 'DARK', 'BATTERY_CONNECTED', 'BATTERY_DISCONNECTED', 'NUMBEROFEVENTS']
[DEBUG]2024-04-08 20:21:58,006: 
static const char *EventNames[] = {
	"ES_NO_EVENT",
	"ES_ERROR",
	"ES_INIT",
	"ES_ENTRY",
	"ES_EXIT",
	"ES_KEYINPUT",
	"ES_LISTEVENTS",
	"ES_TIMEOUT",
	"ES_TIMERACTIVE",
	"ES_TIMERSTOPPED",
	"LIGHT",
	"DARK",
	"BATTERY_CONNECTED",
	"BATTERY_DISCONNECTED",
	"NUMBEROFEVENTS",
};


[DEBUG]2024-04-08 20:21:58,009: None
[DEBUG]2024-04-08 20:21:58,009: None
[DEBUG]2024-04-08 20:21:58,010: None
[DEBUG]2024-04-08 20:21:58,010: None
[DEBUG]2024-04-08 20:21:58,010: None
[DEBUG]2024-04-08 20:21:58,010: None
[DEBUG]2024-04-08 20:21:58,010: None
[DEBUG]2024-04-08 20:21:58,010: None
[DEBUG]2024-04-08 20:21:58,010: None
[DEBUG]2024-04-08 20:21:58,011: None
[DEBUG]2024-04-08 20:21:58,011: None
[DEBUG]2024-04-08 20:21:58,011: None
[DEBUG]2024-04-08 20:21:58,011: None
[DEBUG]2024-04-08 20:21:58,011: None
[DEBUG]2024-04-08 20:21:58,011: None
[DEBUG]2024-04-08 20:21:58,011: None
[DEBUG]2024-04-08 20:21:58,011: None
[DEBUG]2024-04-08 20:21:58,011: None
[DEBUG]2024-04-08 20:21:58,011: None
[DEBUG]2024-04-08 20:21:58,011: None
[DEBUG]2024-04-08 20:21:58,011: None
[DEBUG]2024-04-08 20:21:58,011: None
[DEBUG]2024-04-08 20:21:58,011: None
[DEBUG]2024-04-08 20:21:58,011: None
[DEBUG]2024-04-08 20:21:58,011: None
[DEBUG]2024-04-08 20:21:58,011: None
[DEBUG]2024-04-08 20:21:58,011: None
[DEBUG]2024-04-08 20:21:58,012: None
[DEBUG]2024-04-08 20:21:58,012: None
[DEBUG]2024-04-08 20:21:58,012: None
[DEBUG]2024-04-08 20:21:58,012: None
[DEBUG]2024-04-08 20:21:58,012: None
[DEBUG]2024-04-08 20:21:58,012: None
[DEBUG]2024-04-08 20:21:58,012: None
[DEBUG]2024-04-08 20:21:58,012: None
[DEBUG]2024-04-08 20:21:58,012: None
[DEBUG]2024-04-08 20:21:58,012: None
[DEBUG]2024-04-08 20:21:58,012: None
[DEBUG]2024-04-08 20:21:58,012: None
[DEBUG]2024-04-08 20:21:58,012: None
[DEBUG]2024-04-08 20:21:58,012: None
[DEBUG]2024-04-08 20:21:58,012: None
[DEBUG]2024-04-08 20:21:58,012: None
[DEBUG]2024-04-08 20:21:58,012: None
[DEBUG]2024-04-08 20:21:58,012: None
[DEBUG]2024-04-08 20:21:58,012: None
[DEBUG]2024-04-08 20:21:58,012: None
[DEBUG]2024-04-08 20:21:58,012: None
[DEBUG]2024-04-08 20:21:58,012: None
[DEBUG]2024-04-08 20:21:58,012: None
[DEBUG]2024-04-08 20:21:58,012: None
[DEBUG]2024-04-08 20:21:58,012: None
[DEBUG]2024-04-08 20:21:58,012: None
[DEBUG]2024-04-08 20:21:58,012: None
[DEBUG]2024-04-08 20:21:58,013: None
[DEBUG]2024-04-08 20:21:58,013: None
[DEBUG]2024-04-08 20:21:58,013: None
[DEBUG]2024-04-08 20:21:58,013: None
[DEBUG]2024-04-08 20:21:58,013: None
[DEBUG]2024-04-08 20:21:58,013: None
[DEBUG]2024-04-08 20:21:58,013: None
[DEBUG]2024-04-08 20:21:58,013: None
[DEBUG]2024-04-08 20:21:58,013: None
[DEBUG]2024-04-08 20:21:58,013: None
[DEBUG]2024-04-08 20:21:58,013: None
[DEBUG]2024-04-08 20:21:58,013: None
[DEBUG]2024-04-08 20:21:58,013: None
[DEBUG]2024-04-08 20:21:58,013: None
[DEBUG]2024-04-08 20:21:58,013: None
[DEBUG]2024-04-08 20:21:58,013: None
[DEBUG]2024-04-08 20:21:58,013: None
[DEBUG]2024-04-08 20:21:58,013: None
[DEBUG]2024-04-08 20:21:58,013: None
[DEBUG]2024-04-08 20:21:58,013: None
[DEBUG]2024-04-08 20:21:58,013: None
[DEBUG]2024-04-08 20:21:58,013: None
[DEBUG]2024-04-08 20:21:58,013: None
[DEBUG]2024-04-08 20:21:58,014: None
[DEBUG]2024-04-08 20:21:58,014: None
[DEBUG]2024-04-08 20:21:58,014: None
[DEBUG]2024-04-08 20:21:58,014: None
[DEBUG]2024-04-08 20:21:58,014: None
[DEBUG]2024-04-08 20:21:58,014: None
[DEBUG]2024-04-08 20:21:58,014: None
[DEBUG]2024-04-08 20:21:58,014: None
[DEBUG]2024-04-08 20:21:58,014: None
[DEBUG]2024-04-08 20:21:58,014: None
[DEBUG]2024-04-08 20:21:58,014: None
[DEBUG]2024-04-08 20:21:58,014: None
[DEBUG]2024-04-08 20:21:58,014: None
[DEBUG]2024-04-08 20:21:58,015: None
[DEBUG]2024-04-08 20:21:58,015: None
[DEBUG]2024-04-08 20:21:58,015: None
[DEBUG]2024-04-08 20:21:58,015: None
[DEBUG]2024-04-08 20:21:58,015: None
[DEBUG]2024-04-08 20:21:58,015: None
[DEBUG]2024-04-08 20:21:58,015: None
[DEBUG]2024-04-08 20:21:58,015: None
[DEBUG]2024-04-08 20:21:58,015: None
[DEBUG]2024-04-08 20:21:58,015: None
[DEBUG]2024-04-08 20:21:58,015: None
[DEBUG]2024-04-08 20:21:58,015: None
[DEBUG]2024-04-08 20:21:58,015: None
[DEBUG]2024-04-08 20:21:58,015: None
[DEBUG]2024-04-08 20:21:58,015: None
[DEBUG]2024-04-08 20:21:58,015: None
[DEBUG]2024-04-08 20:21:58,015: None
[DEBUG]2024-04-08 20:21:58,015: None
[DEBUG]2024-04-08 20:21:58,015: None
[DEBUG]2024-04-08 20:21:58,015: None
[DEBUG]2024-04-08 20:21:58,015: None
[DEBUG]2024-04-08 20:21:58,015: None
[DEBUG]2024-04-08 20:21:58,015: None
[DEBUG]2024-04-08 20:21:58,015: None
[DEBUG]2024-04-08 20:21:58,015: None
[DEBUG]2024-04-08 20:21:58,015: None
[DEBUG]2024-04-08 20:21:58,015: None
[DEBUG]2024-04-08 20:21:58,015: None
[DEBUG]2024-04-08 20:21:58,015: None
[DEBUG]2024-04-08 20:21:58,016: None
[DEBUG]2024-04-08 20:21:58,016: None
[DEBUG]2024-04-08 20:21:58,016: None
[DEBUG]2024-04-08 20:21:58,016: None
[DEBUG]2024-04-08 20:21:58,016: None
[DEBUG]2024-04-08 20:21:58,016: None
[DEBUG]2024-04-08 20:21:58,016: None
[DEBUG]2024-04-08 20:21:58,016: None
[DEBUG]2024-04-08 20:21:58,016: None
[DEBUG]2024-04-08 20:21:58,016: None
[DEBUG]2024-04-08 20:21:58,016: None
[DEBUG]2024-04-08 20:21:58,016: None
[DEBUG]2024-04-08 20:21:58,016: None
[DEBUG]2024-04-08 20:21:58,016: None
[DEBUG]2024-04-08 20:21:58,016: None
[DEBUG]2024-04-08 20:21:58,016: None
[DEBUG]2024-04-08 20:21:58,016: None
[DEBUG]2024-04-08 20:21:58,016: None
[DEBUG]2024-04-08 20:21:58,016: None
[DEBUG]2024-04-08 20:21:58,016: None
[DEBUG]2024-04-08 20:21:58,016: None
[DEBUG]2024-04-08 20:21:58,016: None
[DEBUG]2024-04-08 20:21:58,016: None
[DEBUG]2024-04-08 20:21:58,016: None
[DEBUG]2024-04-08 20:21:58,016: None
[DEBUG]2024-04-08 20:21:58,016: None
[DEBUG]2024-04-08 20:21:58,016: None
[DEBUG]2024-04-08 20:21:58,016: None
[DEBUG]2024-04-08 20:21:58,016: None
[DEBUG]2024-04-08 20:21:58,016: None
[DEBUG]2024-04-08 20:21:58,016: None
[DEBUG]2024-04-08 20:21:58,016: None
[DEBUG]2024-04-08 20:21:58,016: None
[DEBUG]2024-04-08 20:21:58,017: None
[DEBUG]2024-04-08 20:21:58,017: None
[DEBUG]2024-04-08 20:21:58,017: None
[DEBUG]2024-04-08 20:21:58,017: None
[DEBUG]2024-04-08 20:21:58,017: None
[DEBUG]2024-04-08 20:21:58,017: None
[DEBUG]2024-04-08 20:21:58,017: None
[DEBUG]2024-04-08 20:21:58,017: None
[DEBUG]2024-04-08 20:21:58,017: None
[DEBUG]2024-04-08 20:21:58,017: None
[DEBUG]2024-04-08 20:21:58,017: None
[DEBUG]2024-04-08 20:21:58,017: None
[DEBUG]2024-04-08 20:21:58,017: None
[DEBUG]2024-04-08 20:21:58,017: None
[DEBUG]2024-04-08 20:21:58,017: None
[DEBUG]2024-04-08 20:21:58,017: None
[DEBUG]2024-04-08 20:21:58,017: None
[DEBUG]2024-04-08 20:21:58,017: None
[DEBUG]2024-04-08 20:22:16,246: <re.Match object; span=(1088, 1802), match='typedef enum {\n    ES_NO_EVENT, ES_ERROR, /* use>
[DEBUG]2024-04-08 20:22:16,246: ['ES_NO_EVENT', 'ES_ERROR', 'ES_INIT', 'ES_ENTRY', 'ES_EXIT', 'ES_KEYINPUT', 'ES_LISTEVENTS', 'ES_TIMEOUT', 'ES_TIMERACTIVE', 'ES_TIMERSTOPPED', 'LIGHT', 'DARK', 'BATTERY_CONNECTED', 'BATTERY_DISCONNECTED', 'NUMBEROFEVENTS']
[DEBUG]2024-04-08 20:22:16,247: 
static const char *EventNames[] = {
	"ES_NO_EVENT",
	"ES_ERROR",
	"ES_INIT",
	"ES_ENTRY",
	"ES_EXIT",
	"ES_KEYINPUT",
	"ES_LISTEVENTS",
	"ES_TIMEOUT",
	"ES_TIMERACTIVE",
	"ES_TIMERSTOPPED",
	"LIGHT",
	"DARK",
	"BATTERY_CONNECTED",
	"BATTERY_DISCONNECTED",
	"NUMBEROFEVENTS",
};


[DEBUG]2024-04-08 20:22:16,247: None
[DEBUG]2024-04-08 20:22:16,247: None
[DEBUG]2024-04-08 20:22:16,248: None
[DEBUG]2024-04-08 20:22:16,248: None
[DEBUG]2024-04-08 20:22:16,248: None
[DEBUG]2024-04-08 20:22:16,248: None
[DEBUG]2024-04-08 20:22:16,248: None
[DEBUG]2024-04-08 20:22:16,248: None
[DEBUG]2024-04-08 20:22:16,248: None
[DEBUG]2024-04-08 20:22:16,249: None
[DEBUG]2024-04-08 20:22:16,249: None
[DEBUG]2024-04-08 20:22:16,249: None
[DEBUG]2024-04-08 20:22:16,249: None
[DEBUG]2024-04-08 20:22:16,249: None
[DEBUG]2024-04-08 20:22:16,249: None
[DEBUG]2024-04-08 20:22:16,249: None
[DEBUG]2024-04-08 20:22:16,249: None
[DEBUG]2024-04-08 20:22:16,249: None
[DEBUG]2024-04-08 20:22:16,249: None
[DEBUG]2024-04-08 20:22:16,249: None
[DEBUG]2024-04-08 20:22:16,249: None
[DEBUG]2024-04-08 20:22:16,249: None
[DEBUG]2024-04-08 20:22:16,249: None
[DEBUG]2024-04-08 20:22:16,249: None
[DEBUG]2024-04-08 20:22:16,249: None
[DEBUG]2024-04-08 20:22:16,249: None
[DEBUG]2024-04-08 20:22:16,249: None
[DEBUG]2024-04-08 20:22:16,249: None
[DEBUG]2024-04-08 20:22:16,249: None
[DEBUG]2024-04-08 20:22:16,249: None
[DEBUG]2024-04-08 20:22:16,249: None
[DEBUG]2024-04-08 20:22:16,249: None
[DEBUG]2024-04-08 20:22:16,249: None
[DEBUG]2024-04-08 20:22:16,249: None
[DEBUG]2024-04-08 20:22:16,249: None
[DEBUG]2024-04-08 20:22:16,250: None
[DEBUG]2024-04-08 20:22:16,250: None
[DEBUG]2024-04-08 20:22:16,250: None
[DEBUG]2024-04-08 20:22:16,250: None
[DEBUG]2024-04-08 20:22:16,250: None
[DEBUG]2024-04-08 20:22:16,250: None
[DEBUG]2024-04-08 20:22:16,250: None
[DEBUG]2024-04-08 20:22:16,250: None
[DEBUG]2024-04-08 20:22:16,250: None
[DEBUG]2024-04-08 20:22:16,250: None
[DEBUG]2024-04-08 20:22:16,250: None
[DEBUG]2024-04-08 20:22:16,250: None
[DEBUG]2024-04-08 20:22:16,250: None
[DEBUG]2024-04-08 20:22:16,250: None
[DEBUG]2024-04-08 20:22:16,250: None
[DEBUG]2024-04-08 20:22:16,250: None
[DEBUG]2024-04-08 20:22:16,250: None
[DEBUG]2024-04-08 20:22:16,250: None
[DEBUG]2024-04-08 20:22:16,250: None
[DEBUG]2024-04-08 20:22:16,251: None
[DEBUG]2024-04-08 20:22:16,251: None
[DEBUG]2024-04-08 20:22:16,251: None
[DEBUG]2024-04-08 20:22:16,251: None
[DEBUG]2024-04-08 20:22:16,251: None
[DEBUG]2024-04-08 20:22:16,251: None
[DEBUG]2024-04-08 20:22:16,251: None
[DEBUG]2024-04-08 20:22:16,251: None
[DEBUG]2024-04-08 20:22:16,251: None
[DEBUG]2024-04-08 20:22:16,251: None
[DEBUG]2024-04-08 20:22:16,251: None
[DEBUG]2024-04-08 20:22:16,251: None
[DEBUG]2024-04-08 20:22:16,251: None
[DEBUG]2024-04-08 20:22:16,251: None
[DEBUG]2024-04-08 20:22:16,251: None
[DEBUG]2024-04-08 20:22:16,251: None
[DEBUG]2024-04-08 20:22:16,251: None
[DEBUG]2024-04-08 20:22:16,251: None
[DEBUG]2024-04-08 20:22:16,251: None
[DEBUG]2024-04-08 20:22:16,251: None
[DEBUG]2024-04-08 20:22:16,251: None
[DEBUG]2024-04-08 20:22:16,251: None
[DEBUG]2024-04-08 20:22:16,251: None
[DEBUG]2024-04-08 20:22:16,252: None
[DEBUG]2024-04-08 20:22:16,252: None
[DEBUG]2024-04-08 20:22:16,252: None
[DEBUG]2024-04-08 20:22:16,252: None
[DEBUG]2024-04-08 20:22:16,252: None
[DEBUG]2024-04-08 20:22:16,252: None
[DEBUG]2024-04-08 20:22:16,252: None
[DEBUG]2024-04-08 20:22:16,252: None
[DEBUG]2024-04-08 20:22:16,252: None
[DEBUG]2024-04-08 20:22:16,252: None
[DEBUG]2024-04-08 20:22:16,252: None
[DEBUG]2024-04-08 20:22:16,252: None
[DEBUG]2024-04-08 20:22:16,252: None
[DEBUG]2024-04-08 20:22:16,252: None
[DEBUG]2024-04-08 20:22:16,252: None
[DEBUG]2024-04-08 20:22:16,252: None
[DEBUG]2024-04-08 20:22:16,252: None
[DEBUG]2024-04-08 20:22:16,252: None
[DEBUG]2024-04-08 20:22:16,252: None
[DEBUG]2024-04-08 20:22:16,252: None
[DEBUG]2024-04-08 20:22:16,252: None
[DEBUG]2024-04-08 20:22:16,252: None
[DEBUG]2024-04-08 20:22:16,252: None
[DEBUG]2024-04-08 20:22:16,252: None
[DEBUG]2024-04-08 20:22:16,252: None
[DEBUG]2024-04-08 20:22:16,252: None
[DEBUG]2024-04-08 20:22:16,252: None
[DEBUG]2024-04-08 20:22:16,252: None
[DEBUG]2024-04-08 20:22:16,252: None
[DEBUG]2024-04-08 20:22:16,252: None
[DEBUG]2024-04-08 20:22:16,252: None
[DEBUG]2024-04-08 20:22:16,252: None
[DEBUG]2024-04-08 20:22:16,252: None
[DEBUG]2024-04-08 20:22:16,252: None
[DEBUG]2024-04-08 20:22:16,252: None
[DEBUG]2024-04-08 20:22:16,252: None
[DEBUG]2024-04-08 20:22:16,252: None
[DEBUG]2024-04-08 20:22:16,252: None
[DEBUG]2024-04-08 20:22:16,252: None
[DEBUG]2024-04-08 20:22:16,252: None
[DEBUG]2024-04-08 20:22:16,252: None
[DEBUG]2024-04-08 20:22:16,252: None
[DEBUG]2024-04-08 20:22:16,253: None
[DEBUG]2024-04-08 20:22:16,253: None
[DEBUG]2024-04-08 20:22:16,253: None
[DEBUG]2024-04-08 20:22:16,253: None
[DEBUG]2024-04-08 20:22:16,253: None
[DEBUG]2024-04-08 20:22:16,253: None
[DEBUG]2024-04-08 20:22:16,253: None
[DEBUG]2024-04-08 20:22:16,253: None
[DEBUG]2024-04-08 20:22:16,253: None
[DEBUG]2024-04-08 20:22:16,253: None
[DEBUG]2024-04-08 20:22:16,253: None
[DEBUG]2024-04-08 20:22:16,253: None
[DEBUG]2024-04-08 20:22:16,253: None
[DEBUG]2024-04-08 20:22:16,253: None
[DEBUG]2024-04-08 20:22:16,253: None
[DEBUG]2024-04-08 20:22:16,253: None
[DEBUG]2024-04-08 20:22:16,253: None
[DEBUG]2024-04-08 20:22:16,253: None
[DEBUG]2024-04-08 20:22:16,253: None
[DEBUG]2024-04-08 20:22:16,253: None
[DEBUG]2024-04-08 20:22:16,253: None
[DEBUG]2024-04-08 20:22:16,253: None
[DEBUG]2024-04-08 20:22:16,253: None
[DEBUG]2024-04-08 20:22:16,253: None
[DEBUG]2024-04-08 20:22:16,253: None
[DEBUG]2024-04-08 20:22:16,253: None
[DEBUG]2024-04-08 20:22:16,253: None
[DEBUG]2024-04-08 20:22:16,253: None
[DEBUG]2024-04-08 20:22:16,253: None
[DEBUG]2024-04-08 20:22:16,253: None
[DEBUG]2024-04-08 20:22:16,253: None
[DEBUG]2024-04-08 20:22:16,253: None
[DEBUG]2024-04-08 20:22:16,253: None
[DEBUG]2024-04-08 20:22:16,254: None
[DEBUG]2024-04-08 20:22:16,254: None
[DEBUG]2024-04-08 20:22:16,254: None
[DEBUG]2024-04-08 20:22:16,254: None
[DEBUG]2024-04-08 20:22:16,254: None
[DEBUG]2024-04-08 20:22:16,254: None
[DEBUG]2024-04-08 20:22:16,254: None
[DEBUG]2024-04-08 20:22:16,254: None
[DEBUG]2024-04-08 20:22:16,254: None
[DEBUG]2024-04-08 20:22:16,254: None
[DEBUG]2024-04-08 20:22:16,254: None
[DEBUG]2024-04-08 20:22:16,254: None
[DEBUG]2024-04-08 20:22:16,254: None
[DEBUG]2024-04-08 20:22:16,254: None
[DEBUG]2024-04-08 20:22:16,254: None
[DEBUG]2024-04-08 20:22:16,254: None
[DEBUG]2024-04-08 20:22:16,254: None
[DEBUG]2024-04-08 20:22:16,254: None
[DEBUG]2024-04-08 20:25:13,510: <re.Match object; span=(1088, 1802), match='typedef enum {\n    ES_NO_EVENT, ES_ERROR, /* use>
[DEBUG]2024-04-08 20:25:13,511: ['ES_NO_EVENT', 'ES_ERROR', 'ES_INIT', 'ES_ENTRY', 'ES_EXIT', 'ES_KEYINPUT', 'ES_LISTEVENTS', 'ES_TIMEOUT', 'ES_TIMERACTIVE', 'ES_TIMERSTOPPED', 'LIGHT', 'DARK', 'BATTERY_CONNECTED', 'BATTERY_DISCONNECTED', 'NUMBEROFEVENTS']
[DEBUG]2024-04-08 20:25:13,511: 
static const char *EventNames[] = {
	"ES_NO_EVENT",
	"ES_ERROR",
	"ES_INIT",
	"ES_ENTRY",
	"ES_EXIT",
	"ES_KEYINPUT",
	"ES_LISTEVENTS",
	"ES_TIMEOUT",
	"ES_TIMERACTIVE",
	"ES_TIMERSTOPPED",
	"LIGHT",
	"DARK",
	"BATTERY_CONNECTED",
	"BATTERY_DISCONNECTED",
	"NUMBEROFEVENTS",
};


[DEBUG]2024-04-08 20:25:13,512: None
[DEBUG]2024-04-08 20:25:13,512: None
[DEBUG]2024-04-08 20:25:13,512: None
[DEBUG]2024-04-08 20:25:13,512: None
[DEBUG]2024-04-08 20:25:13,512: None
[DEBUG]2024-04-08 20:25:13,513: None
[DEBUG]2024-04-08 20:25:13,513: None
[DEBUG]2024-04-08 20:25:13,513: None
[DEBUG]2024-04-08 20:25:13,513: None
[DEBUG]2024-04-08 20:25:13,513: None
[DEBUG]2024-04-08 20:25:13,513: None
[DEBUG]2024-04-08 20:25:13,513: None
[DEBUG]2024-04-08 20:25:13,513: None
[DEBUG]2024-04-08 20:25:13,513: None
[DEBUG]2024-04-08 20:25:13,514: None
[DEBUG]2024-04-08 20:25:13,514: None
[DEBUG]2024-04-08 20:25:13,514: None
[DEBUG]2024-04-08 20:25:13,514: None
[DEBUG]2024-04-08 20:25:13,514: None
[DEBUG]2024-04-08 20:25:13,514: None
[DEBUG]2024-04-08 20:25:13,514: None
[DEBUG]2024-04-08 20:25:13,514: None
[DEBUG]2024-04-08 20:25:13,514: None
[DEBUG]2024-04-08 20:25:13,514: None
[DEBUG]2024-04-08 20:25:13,514: None
[DEBUG]2024-04-08 20:25:13,514: None
[DEBUG]2024-04-08 20:25:13,514: None
[DEBUG]2024-04-08 20:25:13,514: None
[DEBUG]2024-04-08 20:25:13,514: None
[DEBUG]2024-04-08 20:25:13,514: None
[DEBUG]2024-04-08 20:25:13,514: None
[DEBUG]2024-04-08 20:25:13,514: None
[DEBUG]2024-04-08 20:25:13,514: None
[DEBUG]2024-04-08 20:25:13,514: None
[DEBUG]2024-04-08 20:25:13,514: None
[DEBUG]2024-04-08 20:25:13,515: None
[DEBUG]2024-04-08 20:25:13,515: None
[DEBUG]2024-04-08 20:25:13,515: None
[DEBUG]2024-04-08 20:25:13,515: None
[DEBUG]2024-04-08 20:25:13,515: None
[DEBUG]2024-04-08 20:25:13,515: None
[DEBUG]2024-04-08 20:25:13,515: None
[DEBUG]2024-04-08 20:25:13,515: None
[DEBUG]2024-04-08 20:25:13,515: None
[DEBUG]2024-04-08 20:25:13,516: None
[DEBUG]2024-04-08 20:25:13,516: None
[DEBUG]2024-04-08 20:25:13,516: None
[DEBUG]2024-04-08 20:25:13,516: None
[DEBUG]2024-04-08 20:25:13,516: None
[DEBUG]2024-04-08 20:25:13,516: None
[DEBUG]2024-04-08 20:25:13,516: None
[DEBUG]2024-04-08 20:25:13,516: None
[DEBUG]2024-04-08 20:25:13,516: None
[DEBUG]2024-04-08 20:25:13,516: None
[DEBUG]2024-04-08 20:25:13,517: None
[DEBUG]2024-04-08 20:25:13,517: None
[DEBUG]2024-04-08 20:25:13,517: None
[DEBUG]2024-04-08 20:25:13,517: None
[DEBUG]2024-04-08 20:25:13,517: None
[DEBUG]2024-04-08 20:25:13,517: None
[DEBUG]2024-04-08 20:25:13,517: None
[DEBUG]2024-04-08 20:25:13,517: None
[DEBUG]2024-04-08 20:25:13,517: None
[DEBUG]2024-04-08 20:25:13,517: None
[DEBUG]2024-04-08 20:25:13,517: None
[DEBUG]2024-04-08 20:25:13,518: None
[DEBUG]2024-04-08 20:25:13,518: None
[DEBUG]2024-04-08 20:25:13,518: None
[DEBUG]2024-04-08 20:25:13,518: None
[DEBUG]2024-04-08 20:25:13,518: None
[DEBUG]2024-04-08 20:25:13,518: None
[DEBUG]2024-04-08 20:25:13,518: None
[DEBUG]2024-04-08 20:25:13,518: None
[DEBUG]2024-04-08 20:25:13,518: None
[DEBUG]2024-04-08 20:25:13,518: None
[DEBUG]2024-04-08 20:25:13,518: None
[DEBUG]2024-04-08 20:25:13,518: None
[DEBUG]2024-04-08 20:25:13,518: None
[DEBUG]2024-04-08 20:25:13,518: None
[DEBUG]2024-04-08 20:25:13,518: None
[DEBUG]2024-04-08 20:25:13,518: None
[DEBUG]2024-04-08 20:25:13,518: None
[DEBUG]2024-04-08 20:25:13,518: None
[DEBUG]2024-04-08 20:25:13,518: None
[DEBUG]2024-04-08 20:25:13,518: None
[DEBUG]2024-04-08 20:25:13,518: None
[DEBUG]2024-04-08 20:25:13,518: None
[DEBUG]2024-04-08 20:25:13,518: None
[DEBUG]2024-04-08 20:25:13,518: None
[DEBUG]2024-04-08 20:25:13,518: None
[DEBUG]2024-04-08 20:25:13,519: None
[DEBUG]2024-04-08 20:25:13,519: None
[DEBUG]2024-04-08 20:25:13,519: None
[DEBUG]2024-04-08 20:25:13,519: None
[DEBUG]2024-04-08 20:25:13,519: None
[DEBUG]2024-04-08 20:25:13,519: None
[DEBUG]2024-04-08 20:25:13,519: None
[DEBUG]2024-04-08 20:25:13,519: None
[DEBUG]2024-04-08 20:25:13,519: None
[DEBUG]2024-04-08 20:25:13,519: None
[DEBUG]2024-04-08 20:25:13,519: None
[DEBUG]2024-04-08 20:25:13,519: None
[DEBUG]2024-04-08 20:25:13,519: None
[DEBUG]2024-04-08 20:25:13,519: None
[DEBUG]2024-04-08 20:25:13,520: None
[DEBUG]2024-04-08 20:25:13,520: None
[DEBUG]2024-04-08 20:25:13,520: None
[DEBUG]2024-04-08 20:25:13,520: None
[DEBUG]2024-04-08 20:25:13,520: None
[DEBUG]2024-04-08 20:25:13,520: None
[DEBUG]2024-04-08 20:25:13,520: None
[DEBUG]2024-04-08 20:25:13,520: None
[DEBUG]2024-04-08 20:25:13,520: None
[DEBUG]2024-04-08 20:25:13,520: None
[DEBUG]2024-04-08 20:25:13,520: None
[DEBUG]2024-04-08 20:25:13,520: None
[DEBUG]2024-04-08 20:25:13,520: None
[DEBUG]2024-04-08 20:25:13,520: None
[DEBUG]2024-04-08 20:25:13,520: None
[DEBUG]2024-04-08 20:25:13,521: None
[DEBUG]2024-04-08 20:25:13,521: None
[DEBUG]2024-04-08 20:25:13,521: None
[DEBUG]2024-04-08 20:25:13,521: None
[DEBUG]2024-04-08 20:25:13,521: None
[DEBUG]2024-04-08 20:25:13,521: None
[DEBUG]2024-04-08 20:25:13,521: None
[DEBUG]2024-04-08 20:25:13,521: None
[DEBUG]2024-04-08 20:25:13,521: None
[DEBUG]2024-04-08 20:25:13,521: None
[DEBUG]2024-04-08 20:25:13,521: None
[DEBUG]2024-04-08 20:25:13,521: None
[DEBUG]2024-04-08 20:25:13,521: None
[DEBUG]2024-04-08 20:25:13,521: None
[DEBUG]2024-04-08 20:25:13,521: None
[DEBUG]2024-04-08 20:25:13,521: None
[DEBUG]2024-04-08 20:25:13,521: None
[DEBUG]2024-04-08 20:25:13,521: None
[DEBUG]2024-04-08 20:25:13,521: None
[DEBUG]2024-04-08 20:25:13,521: None
[DEBUG]2024-04-08 20:25:13,521: None
[DEBUG]2024-04-08 20:25:13,521: None
[DEBUG]2024-04-08 20:25:13,521: None
[DEBUG]2024-04-08 20:25:13,521: None
[DEBUG]2024-04-08 20:25:13,521: None
[DEBUG]2024-04-08 20:25:13,521: None
[DEBUG]2024-04-08 20:25:13,521: None
[DEBUG]2024-04-08 20:25:13,521: None
[DEBUG]2024-04-08 20:25:13,521: None
[DEBUG]2024-04-08 20:25:13,521: None
[DEBUG]2024-04-08 20:25:13,521: None
[DEBUG]2024-04-08 20:25:13,521: None
[DEBUG]2024-04-08 20:25:13,521: None
[DEBUG]2024-04-08 20:25:13,522: None
[DEBUG]2024-04-08 20:25:13,522: None
[DEBUG]2024-04-08 20:25:13,522: None
[DEBUG]2024-04-08 20:25:13,522: None
[DEBUG]2024-04-08 20:25:13,522: None
[DEBUG]2024-04-08 20:25:13,522: None
[DEBUG]2024-04-08 20:25:13,522: None
[DEBUG]2024-04-08 20:25:13,522: None
[DEBUG]2024-04-08 20:25:13,522: None
[DEBUG]2024-04-08 20:25:13,522: None
[DEBUG]2024-04-08 20:25:13,522: None
[DEBUG]2024-04-08 20:25:13,522: None
[DEBUG]2024-04-08 20:25:13,522: None
[DEBUG]2024-04-08 20:25:13,522: None
[DEBUG]2024-04-08 20:25:13,522: None
[DEBUG]2024-04-08 20:25:13,522: None
[DEBUG]2024-04-08 20:25:13,522: None
[DEBUG]2024-04-08 20:25:13,522: None
